c:\users\scott\documents\visual studio 2015\projects\zork\zork\debug\vc140.pdb
c:\users\scott\documents\visual studio 2015\projects\zork\zork\debug\vc140.idb
c:\users\scott\documents\visual studio 2015\projects\zork\zork\debug\condition.obj
c:\users\scott\documents\visual studio 2015\projects\zork\zork\debug\container.obj
c:\users\scott\documents\visual studio 2015\projects\zork\zork\debug\creature.obj
c:\users\scott\documents\visual studio 2015\projects\zork\zork\debug\item.obj
c:\users\scott\documents\visual studio 2015\projects\zork\zork\debug\main.obj
c:\users\scott\documents\visual studio 2015\projects\zork\zork\debug\room.obj
c:\users\scott\documents\visual studio 2015\projects\zork\zork\debug\trigger.obj
c:\users\scott\documents\visual studio 2015\projects\zork\zork\debug\zork_gameengine.obj
c:\users\scott\documents\visual studio 2015\projects\zork\zork\debug\zork_resourcemanager.obj
c:\users\scott\documents\visual studio 2015\projects\zork\debug\zork.ilk
c:\users\scott\documents\visual studio 2015\projects\zork\debug\zork.exe
c:\users\scott\documents\visual studio 2015\projects\zork\debug\zork.pdb
c:\users\scott\documents\visual studio 2015\projects\zork\zork\debug\zork.tlog\cl.command.1.tlog
c:\users\scott\documents\visual studio 2015\projects\zork\zork\debug\zork.tlog\cl.read.1.tlog
c:\users\scott\documents\visual studio 2015\projects\zork\zork\debug\zork.tlog\cl.write.1.tlog
c:\users\scott\documents\visual studio 2015\projects\zork\zork\debug\zork.tlog\link.command.1.tlog
c:\users\scott\documents\visual studio 2015\projects\zork\zork\debug\zork.tlog\link.read.1.tlog
c:\users\scott\documents\visual studio 2015\projects\zork\zork\debug\zork.tlog\link.write.1.tlog
